<?xml version="1.0" encoding="UTF-8"?>
<!-- Generated by org.testng.reporters.JUnitReportReporter -->
<testsuite hostname="Meet-PC" name="trygetgethubjenkins.test1" tests="1" failures="0" timestamp="23 Nov 2016 06:02:33 GMT" time="26.510" errors="0">
  <testcase name="testmethod" time="26.510" classname="trygetgethubjenkins.test1"/>
</testsuite> <!-- trygetgethubjenkins.test1 -->
